<?xml version="1.0" encoding="UTF-8"?>
<!-- Generated by org.testng.reporters.JUnitXMLReporter -->
<testsuite ignored="0" hostname="DESKTOP-FA2C0FE" failures="0" tests="1" name="Test" time="0.135" errors="0" timestamp="2022-07-29T06:11:53 PDT">
  <testcase classname="testNG.TestNG_crossBrowser" name="@BeforeTest openBrowser" time="-1.659100313776E9">
    <failure type="org.testng.TestNGException" message="
Parameter &amp;apos;browser&amp;apos; is required by BeforeTest on method openBrowser but has not been marked @Optional or defined
in C:\Users\Revanth\eclipse-workspace\SeleniumLearn\testng_Cross.xml">
      <![CDATA[org.testng.TestNGException: 
Parameter 'browser' is required by BeforeTest on method openBrowser but has not been marked @Optional or defined
in C:\Users\Revanth\eclipse-workspace\SeleniumLearn\testng_Cross.xml
... Removed 21 stack frames]]>
    </failure>
  </testcase> <!-- @BeforeTest openBrowser -->
  <testcase classname="testNG.TestNG_crossBrowser" name="Run" time="0.0">
    <skipped/>
  </testcase> <!-- Run -->
</testsuite> <!-- Test -->
